{
  "stats": {
    "suites": 1,
    "tests": 1,
    "passes": 1,
    "pending": 0,
    "failures": 0,
    "start": "2025-01-27T17:06:20.015Z",
    "end": "2025-01-27T17:06:37.043Z",
    "duration": 17028,
    "testsRegistered": 1,
    "passPercent": 100,
    "pendingPercent": 0,
    "other": 0,
    "hasOther": false,
    "skipped": 0,
    "hasSkipped": false
  },
  "results": [
    {
      "uuid": "e67d4311-422b-4ff2-b62c-67f5dfe9a0e2",
      "title": "",
      "fullFile": "cypress\\e2e\\features\\auth\\login.feature",
      "file": "cypress\\e2e\\features\\auth\\login.feature",
      "beforeHooks": [],
      "afterHooks": [],
      "tests": [],
      "suites": [
        {
          "uuid": "7b860aad-dd91-40ed-9d39-77b6ce049595",
          "title": "User Login with Valid and invalid credentials",
          "fullFile": "",
          "file": "",
          "beforeHooks": [],
          "afterHooks": [],
          "tests": [
            {
              "title": "Login with valid credentials",
              "fullTitle": "User Login with Valid and invalid credentials Login with valid credentials",
              "timedOut": null,
              "duration": 12867,
              "state": "passed",
              "speed": "slow",
              "pass": true,
              "fail": false,
              "pending": false,
              "context": null,
              "code": "const state = window.testState;\nreturn cy\n  .then(() => state.onStartScenario(scenario, indexedSteps))\n  .then(() =>\n    resolveAndRunBeforeHooks.call(this, scenario.tags, state.feature.name)\n  )\n  .then(() =>\n    indexedSteps.forEach((step) =>\n      stepTest.call(this, state, step, rowData)\n    )\n  )\n  .then(() => state.onFinishScenario(scenario));",
              "err": {},
              "uuid": "01bba69c-0d6b-45c0-b476-3346fb6de44d",
              "parentUUID": "7b860aad-dd91-40ed-9d39-77b6ce049595",
              "isHook": false,
              "skipped": false
            }
          ],
          "suites": [],
          "passes": [
            "01bba69c-0d6b-45c0-b476-3346fb6de44d"
          ],
          "failures": [],
          "pending": [],
          "skipped": [],
          "duration": 12867,
          "root": false,
          "rootEmpty": false,
          "_timeout": 2000
        }
      ],
      "passes": [],
      "failures": [],
      "pending": [],
      "skipped": [],
      "duration": 0,
      "root": true,
      "rootEmpty": true,
      "_timeout": 2000
    }
  ],
  "meta": {
    "mocha": {
      "version": "7.0.1"
    },
    "mochawesome": {
      "options": {
        "quiet": false,
        "reportFilename": "mochawesome",
        "saveHtml": false,
        "saveJson": true,
        "consoleReporter": "spec",
        "useInlineDiffs": false,
        "code": true
      },
      "version": "7.1.3"
    },
    "marge": {
      "options": {
        "screenshotOnRunFailure": true,
        "reportDir": "cypress/reports/mochawesome",
        "overwrite": false,
        "html": false,
        "json": true
      },
      "version": "6.2.0"
    }
  }
}